This is pdfTeX, Version 3.14159-1.10b (Web2C 7.4.5) (format=pdflatex 2003.3.8)  30 MAY 2006 12:14
**refman
(./refman.tex{/usr/share/texmf/pdftex/config/pdftex.cfg}
LaTeX2e <2001/06/01>
Babel <v3.7h> and hyphenation patterns for american, french, german, ngerman, n
ohyphenation, loaded.
(/usr/share/texmf/tex/latex/base/book.cls
Document Class: book 2001/04/21 v1.4e Standard LaTeX document class
(/usr/share/texmf/tex/latex/base/bk10.clo
File: bk10.clo 2001/04/21 v1.4e Standard LaTeX file (size option)
)
\c@part=\count79
\c@chapter=\count80
\c@section=\count81
\c@subsection=\count82
\c@subsubsection=\count83
\c@paragraph=\count84
\c@subparagraph=\count85
\c@figure=\count86
\c@table=\count87
\abovecaptionskip=\skip41
\belowcaptionskip=\skip42
\bibindent=\dimen102
)
(/usr/share/texmf/tex/latex/misc/a4wide.sty
Package: a4wide 1994/08/30

(/usr/share/texmf/tex/latex/ntgclass/a4.sty
Package: a4 1999/03/03 v1.2f A4 based page layout
))
(/usr/share/texmf/tex/latex/base/makeidx.sty
Package: makeidx 2000/03/29 v1.0m Standard LaTeX package
)
(/usr/share/texmf/tex/latex/fancyhdr/fancyhdr.sty
\headwidth=\dimen103
)
(/usr/share/texmf/tex/latex/graphics/graphicx.sty
Package: graphicx 1999/02/16 v1.0f Enhanced LaTeX Graphics (DPC,SPQR)

(/usr/share/texmf/tex/latex/graphics/keyval.sty
Package: keyval 1999/03/16 v1.13 key=value parser (DPC)
\KV@toks@=\toks14
)
(/usr/share/texmf/tex/latex/graphics/graphics.sty
Package: graphics 2001/07/07 v1.0n Standard LaTeX Graphics (DPC,SPQR)

(/usr/share/texmf/tex/latex/graphics/trig.sty
Package: trig 1999/03/16 v1.09 sin cos tan (DPC)
)
(/usr/share/texmf/tex/latex/config/graphics.cfg
File: graphics.cfg 2001/08/31 v1.1 graphics configuration of teTeX/TeXLive
)
Package graphics Info: Driver file: pdftex.def on input line 80.

(/usr/share/texmf/tex/latex/graphics/pdftex.def
File: pdftex.def 2002/06/19 v0.03k graphics/color for pdftex
\Gread@gobject=\count88
))
\Gin@req@height=\dimen104
\Gin@req@width=\dimen105
)
(/usr/share/texmf/tex/latex/tools/multicol.sty
Package: multicol 2000/07/10 v1.5z multicolumn formatting (FMi)
\c@tracingmulticols=\count89
\mult@box=\box26
\multicol@leftmargin=\dimen106
\c@unbalance=\count90
\c@collectmore=\count91
\doublecol@number=\count92
\multicoltolerance=\count93
\multicolpretolerance=\count94
\full@width=\dimen107
\page@free=\dimen108
\premulticols=\dimen109
\postmulticols=\dimen110
\multicolsep=\skip43
\multicolbaselineskip=\skip44
\partial@page=\box27
\last@line=\box28
\mult@rightbox=\box29
\mult@grightbox=\box30
\mult@gfirstbox=\box31
\mult@firstbox=\box32
\@tempa=\box33
\@tempa=\box34
\@tempa=\box35
\@tempa=\box36
\@tempa=\box37
\@tempa=\box38
\@tempa=\box39
\@tempa=\box40
\@tempa=\box41
\@tempa=\box42
\@tempa=\box43
\@tempa=\box44
\@tempa=\box45
\@tempa=\box46
\@tempa=\box47
\@tempa=\box48
\@tempa=\box49
\c@columnbadness=\count95
\c@finalcolumnbadness=\count96
\last@try=\dimen111
\multicolovershoot=\dimen112
\multicolundershoot=\dimen113
\mult@nat@firstbox=\box50
\colbreak@box=\box51
)
(/usr/share/texmf/tex/latex/misc/float.sty
Package: float 2001/11/08 v1.3d Float enhancements (AL)
\c@float@type=\count97
\float@exts=\toks15
\float@box=\box52
\@float@everytoks=\toks16
\@floatcapt=\box53
)
(/usr/share/texmf/tex/latex/base/textcomp.sty
Package: textcomp 2001/06/05 v1.94 Standard LaTeX package

(/usr/share/texmf/tex/latex/base/ts1enc.def
File: ts1enc.def 2001/06/05 v3.0e (jk/car/fm) Standard LaTeX file
))
(/usr/share/texmf/tex/latex/base/alltt.sty
Package: alltt 1997/06/16 v2.0g defines alltt environment
)
(/usr/share/texmf/tex/latex/psnfss/times.sty
Package: times 2002/09/08 PSNFSS-v9.0a (SPQR) 
)
(/usr/share/texmf/tex/latex/hyperref/hyperref.sty
Package: hyperref 2003/01/22 v6.73n Hypertext links for LaTeX
\@linkdim=\dimen114
\Hy@linkcounter=\count98
\Hy@pagecounter=\count99

(/usr/share/texmf/tex/latex/hyperref/pd1enc.def
File: pd1enc.def 2003/01/22 v6.73n Hyperref: PDFDocEncoding definition (HO)
)
(/usr/share/texmf/tex/latex/config/hyperref.cfg
File: hyperref.cfg 2002/06/06 v1.2 hyperref configuration of TeXLive and teTeX
)
Package hyperref Info: Option `colorlinks' set `true' on input line 1744.
Package hyperref Info: Hyper figures OFF on input line 1792.
Package hyperref Info: Link nesting OFF on input line 1797.
Package hyperref Info: Hyper index ON on input line 1800.
Package hyperref Info: Plain pages ON on input line 1805.
Package hyperref Info: Backreferencing ON on input line 1810.

Implicit mode ON; LaTeX internals redefined
Package hyperref Info: Bookmarks ON on input line 1916.
(/usr/share/texmf/tex/latex/hyperref/backref.sty
Package: backref 2002/06/09 v1.20 Bibliographical back referencing
)
(/usr/share/texmf/tex/latex/local/latex2html/url.sty
Package: url 1999/03/02  ver 1.4  Verb mode for urls, email addresses, and file
 names
)
LaTeX Info: Redefining \url on input line 2055.
\Fld@menulength=\count100
\Field@Width=\dimen115
\Fld@charsize=\dimen116
\Choice@toks=\toks17
\Field@toks=\toks18
Package hyperref Info: Hyper figures OFF on input line 2513.
Package hyperref Info: Link nesting OFF on input line 2518.
Package hyperref Info: Hyper index ON on input line 2521.
Package hyperref Info: backreferencing ON on input line 2526.
Package hyperref Info: Link coloring ON on input line 2531.
\c@Item=\count101
\c@Hfootnote=\count102
)
*hyperref using driver hpdftex*
(/usr/share/texmf/tex/latex/hyperref/hpdftex.def
File: hpdftex.def 2003/01/22 v6.73n Hyperref driver for pdfTeX

(/usr/share/texmf/tex/latex/psnfss/pifont.sty
Package: pifont 2002/09/08 PSNFSS-v9.0a Pi font support (SPQR) 
LaTeX Font Info:    Try loading font information for U+pzd on input line 62.

(/usr/share/texmf/tex/latex/psnfss/upzd.fd
File: upzd.fd 2001/06/04 font definitions for U/pzd.
)
LaTeX Font Info:    Try loading font information for U+psy on input line 63.

(/usr/share/texmf/tex/latex/psnfss/upsy.fd
File: upsy.fd 2001/06/04 font definitions for U/psy.
))
\Fld@listcount=\count103
\@outlinefile=\write3
) (./doxygen.sty
Package: doxygen 

(/usr/share/texmf/tex/latex/tools/calc.sty
Package: calc 1998/07/07 v4.1b Infix arithmetic (KKT,FJ)
\calc@Acount=\count104
\calc@Bcount=\count105
\calc@Adimen=\dimen117
\calc@Bdimen=\dimen118
\calc@Askip=\skip45
\calc@Bskip=\skip46
LaTeX Info: Redefining \setlength on input line 59.
LaTeX Info: Redefining \addtolength on input line 60.
\calc@denominator=\count106
)
(/usr/share/texmf/tex/latex/tools/array.sty
Package: array 1998/05/13 v2.3m Tabular extension package (FMi)
\col@sep=\dimen119
\extrarowheight=\dimen120
\NC@list=\toks19
\extratabsurround=\skip47
\backup@length=\skip48
)
\tmplength=\skip49
)
(/usr/share/texmf/tex/latex/base/fontenc.sty
Package: fontenc 2001/06/05 v1.94 Standard LaTeX package

(/usr/share/texmf/tex/latex/base/t1enc.def
File: t1enc.def 2001/06/05 v1.94 Standard LaTeX file
LaTeX Font Info:    Redeclaring font encoding T1 on input line 38.
))
\@indexfile=\write4
\openout4 = `refman.idx'.


Writing index file refman.idx
(./refman.aux (./iter__solver_8h.aux) (./matrix_8c.aux) (./sisl-logging_8c.aux)
)
\openout1 = `refman.aux'.

LaTeX Font Info:    Checking defaults for OML/cmm/m/it on input line 29.
LaTeX Font Info:    ... okay on input line 29.
LaTeX Font Info:    Checking defaults for T1/cmr/m/n on input line 29.
LaTeX Font Info:    ... okay on input line 29.
LaTeX Font Info:    Checking defaults for OT1/cmr/m/n on input line 29.
LaTeX Font Info:    ... okay on input line 29.
LaTeX Font Info:    Checking defaults for OMS/cmsy/m/n on input line 29.
LaTeX Font Info:    ... okay on input line 29.
LaTeX Font Info:    Checking defaults for OMX/cmex/m/n on input line 29.
LaTeX Font Info:    ... okay on input line 29.
LaTeX Font Info:    Checking defaults for U/cmr/m/n on input line 29.
LaTeX Font Info:    ... okay on input line 29.
LaTeX Font Info:    Checking defaults for TS1/cmr/m/n on input line 29.
LaTeX Font Info:    Try loading font information for TS1+cmr on input line 29.
 (/usr/share/texmf/tex/latex/base/ts1cmr.fd
File: ts1cmr.fd 1999/05/25 v2.5h Standard LaTeX font definitions
)
LaTeX Font Info:    ... okay on input line 29.
LaTeX Font Info:    Checking defaults for PD1/pdf/m/n on input line 29.
LaTeX Font Info:    ... okay on input line 29.
LaTeX Font Info:    Try loading font information for T1+ptm on input line 29.

(/usr/share/texmf/tex/latex/psnfss/t1ptm.fd
File: t1ptm.fd 2001/06/04 font definitions for T1/ptm.
)
(/usr/share/texmf/tex/context/base/supp-pdf.tex
(/usr/share/texmf/tex/context/base/supp-mis.tex
loading : Context Support Macros / Missing
\protectiondepth=\count107
\scratchcounter=\count108
\scratchtoks=\toks20
\scratchdimen=\dimen121
\scratchskip=\skip50
\scratchmuskip=\muskip10
\scratchbox=\box54
\scratchread=\read1
\scratchwrite=\write5
\zeropoint=\dimen122
\minusone=\count109
\thousandpoint=\dimen123
\emptytoks=\toks21
\nextbox=\box55
\nextdepth=\dimen124
\everyline=\toks22
\!!counta=\count110
\!!countb=\count111
\recursecounter=\count112
)
loading : Context Support Macros / PDF
\nofMPsegments=\count113
\nofMParguments=\count114
\everyMPtoPDFconversion=\toks23
) (/usr/share/texmf/tex/latex/graphics/color.sty
Package: color 1999/02/16 v1.0i Standard LaTeX Color (DPC)
LaTeX Info: Redefining \color on input line 71.

(/usr/share/texmf/tex/latex/config/color.cfg
File: color.cfg 2001/08/31 v1.1 color configuration of teTeX/TeXLive
)
Package color Info: Driver file: pdftex.def on input line 125.
)
Package hyperref Info: Link coloring ON on input line 29.

(/usr/share/texmf/tex/latex/hyperref/nameref.sty
Package: nameref 2001/01/27 v2.19 Cross-referencing by name of section
\c@section@level=\count115
)
LaTeX Info: Redefining \ref on input line 29.
LaTeX Info: Redefining \pageref on input line 29.
 (./refman.out) (./refman.out)
\openout3 = `refman.out'.

[1


{/usr/share/texmf/dvips/config/pdftex.map
Warning: pdflatex (file /usr/share/texmf/dvips/config/pdftex.map): entry for `z
peurs' already exists, duplicates ignored

Warning: pdflatex (file /usr/share/texmf/dvips/config/pdftex.map): entry for `z
peubs' already exists, duplicates ignored

Warning: pdflatex (file /usr/share/texmf/dvips/config/pdftex.map): entry for `z
peuris' already exists, duplicates ignored

Warning: pdflatex (file /usr/share/texmf/dvips/config/pdftex.map): entry for `z
peubis' already exists, duplicates ignored

Warning: pdflatex (file /usr/share/texmf/dvips/config/pdftex.map): entry for `z
peurt' already exists, duplicates ignored

Warning: pdflatex (file /usr/share/texmf/dvips/config/pdftex.map): entry for `z
peubt' already exists, duplicates ignored

Warning: pdflatex (file /usr/share/texmf/dvips/config/pdftex.map): entry for `z
peurit' already exists, duplicates ignored

Warning: pdflatex (file /usr/share/texmf/dvips/config/pdftex.map): entry for `z
peubit' already exists, duplicates ignored

Warning: pdflatex (file /usr/share/texmf/dvips/config/pdftex.map): entry for `z
peur' already exists, duplicates ignored

Warning: pdflatex (file /usr/share/texmf/dvips/config/pdftex.map): entry for `z
peub' already exists, duplicates ignored

Warning: pdflatex (file /usr/share/texmf/dvips/config/pdftex.map): entry for `z
peuri' already exists, duplicates ignored

Warning: pdflatex (file /usr/share/texmf/dvips/config/pdftex.map): entry for `z
peubi' already exists, duplicates ignored
}] [2

]
LaTeX Font Info:    Font shape `T1/ptm/bx/n' in size <24.88> not available
(Font)              Font shape `T1/ptm/b/n' tried instead on input line 42.
 (./refman.toc
LaTeX Font Info:    Font shape `T1/ptm/bx/n' in size <10> not available
(Font)              Font shape `T1/ptm/b/n' tried instead on input line 1.
LaTeX Font Info:    External font `cmex10' loaded for size
(Font)              <7> on input line 2.
LaTeX Font Info:    External font `cmex10' loaded for size
(Font)              <5> on input line 2.
)
\tf@toc=\write6
\openout6 = `refman.toc'.


! pdfTeX warning (ext4): destination with the same identifier (name{page.1}) ha
s been already used, duplicate ignored
<to be read again> 
                   \penalty 
l.43 \clearemptydoublepage
                           [1

]
! pdfTeX warning (ext4): destination with the same identifier (name{page.2}) ha
s been already used, duplicate ignored
<to be read again> 
                   \penalty 
l.43 \clearemptydoublepage
                           [2

]
Chapter 1.
LaTeX Font Info:    Font shape `T1/ptm/bx/n' in size <20.74> not available
(Font)              Font shape `T1/ptm/b/n' tried instead on input line 45.
(./dirs.tex
LaTeX Font Info:    Font shape `T1/ptm/bx/n' in size <14.4> not available
(Font)              Font shape `T1/ptm/b/n' tried instead on input line 1.

Underfull \hbox (badness 10000) detected at line 3
[][]
 []

)
! pdfTeX warning (ext4): destination with the same identifier (name{page.1}) ha
s been already used, duplicate ignored
<to be read again> 
                   \penalty 
l.47 \chapter
             {SISL File Index} [1

]
! pdfTeX warning (ext4): destination with the same identifier (name{page.2}) ha
s been already used, duplicate ignored
<to be read again> 
                   \penalty 
l.47 \chapter
             {SISL File Index}
LaTeX Font Info:    Font shape `T1/ptm/bx/n' in size <7> not available
(Font)              Font shape `T1/ptm/b/n' tried instead on input line 47.
 [2

]
Chapter 2.
(./files.tex
Underfull \hbox (badness 10000) detected at line 3
[][]
 []


Underfull \hbox (badness 10000) detected at line 4
[][]
 []


Underfull \hbox (badness 10000) detected at line 5
[][]
 []


Underfull \hbox (badness 10000) detected at line 6
[][]
 []

) [3] [4

]
Chapter 3.
(./dir_000000.tex
LaTeX Font Info:    Font shape `T1/ptm/bx/n' in size <12> not available
(Font)              Font shape `T1/ptm/b/n' tried instead on input line 5.
LaTeX Font Info:    Try loading font information for TS1+ptm on input line 8.
 (/usr/share/texmf/tex/latex/psnfss/ts1ptm.fd
File: ts1ptm.fd 2001/06/04 font definitions for TS1/ptm.
)
Underfull \hbox (badness 10000) detected at line 19
[][]
 []


Underfull \hbox (badness 10000) detected at line 19
[][]
 []


Underfull \hbox (badness 10000) detected at line 23
[][]
 []


Underfull \hbox (badness 10000) detected at line 23
[][]
 []


Underfull \hbox (badness 10000) detected at line 29
[][]
 []


Underfull \hbox (badness 10000) detected at line 29
[][]
 []


Underfull \hbox (badness 10000) detected at line 49
[][]
 []


Underfull \hbox (badness 10000) detected at line 49
[][]
 []

[5]) [6]
Chapter 4.
(./iter__solver_8c.tex
Underfull \hbox (badness 10000) in paragraph at lines 20--20

 []


Underfull \hbox (badness 10000) in paragraph at lines 22--22

 []

LaTeX Font Info:    Font shape `T1/ptm/bx/it' in size <10> not available
(Font)              Font shape `T1/ptm/b/it' tried instead on input line 31.

Underfull \hbox (badness 10000) in paragraph at lines 38--38

 []

[7

]
Underfull \hbox (badness 10000) in paragraph at lines 43--43

 []


Underfull \hbox (badness 10000) in paragraph at lines 54--54

 []


Underfull \hbox (badness 10000) in paragraph at lines 59--59

 []

) [8]
\openout2 = `iter__solver_8h.aux'.

 (./iter__solver_8h.tex
Underfull \hbox (badness 10000) in paragraph at lines 29--29

 []


Underfull \hbox (badness 10000) in paragraph at lines 31--31

 []


Underfull \hbox (badness 10000) in paragraph at lines 43--43

 []


Underfull \hbox (badness 10000) in paragraph at lines 77--77

 []

[9

]
Underfull \hbox (badness 10000) in paragraph at lines 82--82

 []


Underfull \hbox (badness 10000) in paragraph at lines 93--93

 []


Underfull \hbox (badness 10000) in paragraph at lines 98--98

 []

) [10]
\openout2 = `matrix_8c.aux'.

 (./matrix_8c.tex
Underfull \hbox (badness 10000) in paragraph at lines 56--56

 []


Underfull \hbox (badness 10000) in paragraph at lines 58--58

 []


Underfull \hbox (badness 10000) in paragraph at lines 74--74

 []

[11


]
Underfull \hbox (badness 10000) in paragraph at lines 79--79

 []


Underfull \hbox (badness 10000) in paragraph at lines 90--90

 []


Underfull \hbox (badness 10000) in paragraph at lines 95--95

 []


Underfull \hbox (badness 10000) in paragraph at lines 106--106

 []


Underfull \hbox (badness 10000) in paragraph at lines 111--111

 []


Underfull \hbox (badness 10000) in paragraph at lines 122--122

 []


Underfull \hbox (badness 10000) in paragraph at lines 127--127

 []


Underfull \hbox (badness 10000) in paragraph at lines 138--138

 []


Underfull \hbox (badness 10000) in paragraph at lines 143--143

 []

[12]
Underfull \hbox (badness 10000) in paragraph at lines 156--156

 []


Underfull \hbox (badness 10000) in paragraph at lines 161--161

 []


Underfull \hbox (badness 10000) in paragraph at lines 172--172

 []


Underfull \hbox (badness 10000) in paragraph at lines 177--177

 []


Underfull \hbox (badness 10000) in paragraph at lines 188--188

 []


Underfull \hbox (badness 10000) in paragraph at lines 193--193

 []


Underfull \hbox (badness 10000) in paragraph at lines 204--204

 []


Underfull \hbox (badness 10000) in paragraph at lines 209--209

 []

[13]
Underfull \hbox (badness 10000) in paragraph at lines 220--220

 []


Underfull \hbox (badness 10000) in paragraph at lines 225--225

 []


Underfull \hbox (badness 10000) in paragraph at lines 236--236

 []


Underfull \hbox (badness 10000) in paragraph at lines 241--241

 []


Underfull \hbox (badness 10000) in paragraph at lines 252--252

 []


Underfull \hbox (badness 10000) in paragraph at lines 257--257

 []


Underfull \hbox (badness 10000) in paragraph at lines 268--268

 []


Underfull \hbox (badness 10000) in paragraph at lines 273--273

 []

[14]
Underfull \hbox (badness 10000) in paragraph at lines 284--284

 []


Underfull \hbox (badness 10000) in paragraph at lines 289--289

 []


Underfull \hbox (badness 10000) in paragraph at lines 300--300

 []


Underfull \hbox (badness 10000) in paragraph at lines 305--305

 []


Underfull \hbox (badness 10000) in paragraph at lines 316--316

 []


Underfull \hbox (badness 10000) in paragraph at lines 321--321

 []


Underfull \hbox (badness 10000) in paragraph at lines 332--332

 []

[15]
Underfull \hbox (badness 10000) in paragraph at lines 337--337

 []


Underfull \hbox (badness 10000) in paragraph at lines 348--348

 []


Underfull \hbox (badness 10000) in paragraph at lines 353--353

 []


Underfull \hbox (badness 10000) in paragraph at lines 364--364

 []


Underfull \hbox (badness 10000) in paragraph at lines 369--369

 []


Underfull \hbox (badness 10000) in paragraph at lines 380--380

 []


Underfull \hbox (badness 10000) in paragraph at lines 385--385

 []

) [16]
\openout2 = `sisl-logging_8c.aux'.

 (./sisl-logging_8c.tex
Underfull \hbox (badness 10000) in paragraph at lines 18--18

 []


Underfull \hbox (badness 10000) in paragraph at lines 20--20

 []


Underfull \hbox (badness 10000) in paragraph at lines 34--34

 []


Underfull \hbox (badness 10000) in paragraph at lines 39--39

 []

) [17


] (./refman.ind [18



]) (./refman.aux (./iter__solver_8h.aux)
(./matrix_8c.aux) (./sisl-logging_8c.aux)) ) 
Here is how much of TeX's memory you used:
 3793 strings out of 95437
 50680 string characters out of 1190234
 103367 words of memory out of 1000001
 6596 multiletter control sequences out of 10000+50000
 42016 words of font info for 44 fonts, out of 500000 for 1000
 14 hyphenation exceptions out of 1000
 32i,12n,43p,461b,512s stack positions out of 1500i,500n,5000p,200000b,5000s
 315 PDF objects out of 300000
 107 named destinations out of 131072
 93 words of extra memory for PDF output out of 65536
{/usr/share/texmf/dvips/tetex/f7b6d
320.enc}</usr/share/texmf/fonts/type1/bluesky/cm/cmr10.pfb>{/usr/share/texmf/dv
ips/tetex/aae443f0.enc}</usr/share/texmf/fonts/type1/bluesky/cm/cmmi7.pfb></usr
/share/texmf/fonts/type1/bluesky/cm/cmmi10.pfb>{/usr/share/texmf/dvips/psnfss/8
r.enc}{/usr/share/texmf/dvips/tetex/bbad153f.enc}</usr/share/texmf/fonts/type1/
bluesky/cm/cmsy10.pfb>
Output written on refman.pdf (22 pages, 77937 bytes).
